2021-08-12 20:18 -07:00: Connected to Database
2021-08-12 20:18 -07:00: listening on 8005
2021-08-12 20:18 -07:00: Connected to Database
2021-08-12 20:18 -07:00: listening on 8005
2021-08-12 20:18 -07:00: Connected to Database
2021-08-12 20:18 -07:00: Connected to Database
2021-08-12 20:18 -07:00: listening on 8005
2021-08-12 20:18 -07:00: listening on 8005
2021-08-12 20:18 -07:00: Connected to Database
2021-08-12 20:18 -07:00: listening on 8005
2021-08-12 20:18 -07:00: Connected to Database
2021-08-12 20:18 -07:00: listening on 8005
2021-08-12 20:18 -07:00: Connected to Database
2021-08-12 20:18 -07:00: listening on 8005
2021-08-12 20:18 -07:00: Connected to Database
2021-08-12 20:18 -07:00: listening on 8005
2021-08-12 20:18 -07:00: Connected to Database
2021-08-12 20:18 -07:00: listening on 8005
2021-08-12 20:18 -07:00: Connected to Database
2021-08-12 20:18 -07:00: listening on 8005
2021-08-12 20:18 -07:00: Connected to Database
2021-08-12 20:18 -07:00: listening on 8005
2021-08-12 20:18 -07:00: Connected to Database
2021-08-12 20:18 -07:00: listening on 8005
2021-08-12 20:18 -07:00: Connected to Database
2021-08-12 20:18 -07:00: listening on 8005
2021-08-12 20:18 -07:00: Connected to Database
2021-08-12 20:18 -07:00: listening on 8005
2021-08-12 20:18 -07:00: Connected to Database
2021-08-12 20:18 -07:00: listening on 8005
2021-08-12 20:20 -07:00: Connected to Database
2021-08-12 20:20 -07:00: listening on 8005
2021-08-12 20:20 -07:00: Connected to Database
2021-08-12 20:20 -07:00: listening on 8005
2021-08-12 20:20 -07:00: Connected to Database
2021-08-12 20:20 -07:00: listening on 8005
2021-08-12 20:20 -07:00: Connected to Database
2021-08-12 20:20 -07:00: listening on 8005
2021-08-12 20:20 -07:00: Connected to Database
2021-08-12 20:20 -07:00: listening on 8005
2021-08-12 20:20 -07:00: Connected to Database
2021-08-12 20:20 -07:00: listening on 8005
2021-08-12 20:20 -07:00: Connected to Database
2021-08-12 20:20 -07:00: listening on 8005
2021-08-12 20:20 -07:00: Connected to Database
2021-08-12 20:20 -07:00: listening on 8005
2021-08-12 20:20 -07:00: Connected to Database
2021-08-12 20:20 -07:00: listening on 8005
2021-08-12 20:20 -07:00: Connected to Database
2021-08-12 20:20 -07:00: listening on 8005
2021-08-12 20:20 -07:00: Connected to Database
2021-08-12 20:20 -07:00: listening on 8005
2021-08-12 20:20 -07:00: Connected to Database
2021-08-12 20:20 -07:00: listening on 8005
2021-08-12 20:20 -07:00: Connected to Database
2021-08-12 20:20 -07:00: listening on 8005
2021-08-12 20:20 -07:00: Connected to Database
2021-08-12 20:20 -07:00: listening on 8005
2021-08-12 20:20 -07:00: Connected to Database
2021-08-12 20:20 -07:00: listening on 8005
2021-08-12 20:20 -07:00: Connected to Database
2021-08-12 20:20 -07:00: listening on 8005
2021-08-12 20:20 -07:00: Connected to Database
2021-08-12 20:20 -07:00: listening on 8005
2021-08-12 20:20 -07:00: Connected to Database
2021-08-12 20:20 -07:00: listening on 8005
2021-08-12 20:20 -07:00: Connected to Database
2021-08-12 20:20 -07:00: listening on 8005
2021-08-12 20:20 -07:00: Connected to Database
2021-08-12 20:20 -07:00: listening on 8005
2021-08-12 20:20 -07:00: Connected to Database
2021-08-12 20:20 -07:00: listening on 8005
2021-08-12 20:20 -07:00: Connected to Database
2021-08-12 20:20 -07:00: listening on 8005
2021-08-12 20:20 -07:00: Connected to Database
2021-08-12 20:20 -07:00: listening on 8005
2021-08-12 20:20 -07:00: Connected to Database
2021-08-12 20:20 -07:00: listening on 8005
2021-08-12 20:20 -07:00: Connected to Database
2021-08-12 20:20 -07:00: listening on 8005
2021-08-12 20:20 -07:00: Connected to Database
2021-08-12 20:20 -07:00: listening on 8005
2021-08-12 20:20 -07:00: Connected to Database
2021-08-12 20:20 -07:00: listening on 8005
2021-08-12 20:20 -07:00: Connected to Database
2021-08-12 20:20 -07:00: listening on 8005
2021-08-12 20:20 -07:00: Connected to Database
2021-08-12 20:20 -07:00: listening on 8005
2021-08-12 20:20 -07:00: Connected to Database
2021-08-12 20:20 -07:00: listening on 8005
2021-08-12 20:46 -07:00: Connected to Database
2021-08-12 20:46 -07:00: listening on 8005
2021-08-12 20:46 -07:00: Connected to Database
2021-08-12 20:46 -07:00: listening on 8005
2021-08-12 20:46 -07:00: Connected to Database
2021-08-12 20:46 -07:00: listening on 8005
2021-08-12 20:46 -07:00: Connected to Database
2021-08-12 20:46 -07:00: listening on 8005
2021-08-12 20:46 -07:00: Connected to Database
2021-08-12 20:46 -07:00: listening on 8005
2021-08-12 20:46 -07:00: Connected to Database
2021-08-12 20:46 -07:00: listening on 8005
2021-08-12 20:46 -07:00: Connected to Database
2021-08-12 20:46 -07:00: listening on 8005
2021-08-12 20:46 -07:00: Connected to Database
2021-08-12 20:46 -07:00: listening on 8005
2021-08-12 20:46 -07:00: Connected to Database
2021-08-12 20:46 -07:00: listening on 8005
2021-08-12 20:46 -07:00: Connected to Database
2021-08-12 20:46 -07:00: listening on 8005
2021-08-12 20:46 -07:00: Connected to Database
2021-08-12 20:46 -07:00: listening on 8005
2021-08-12 20:46 -07:00: Connected to Database
2021-08-12 20:46 -07:00: listening on 8005
2021-08-12 20:46 -07:00: Connected to Database
2021-08-12 20:46 -07:00: listening on 8005
2021-08-12 20:46 -07:00: Connected to Database
2021-08-12 20:46 -07:00: listening on 8005
2021-08-12 20:46 -07:00: Connected to Database
2021-08-12 20:46 -07:00: listening on 8005
2021-08-12 20:51 -07:00: {
  InGameDate: ' 10111, 17:26:02',
  Msg: ' cloud froze adolescent cloud m\narav 46h41we - lvi 221 (araentavis)\n\n',
  Cat: 'froze',
  DiscordRead: 0,
  TimeStamp: '2021-08-12T20:51:27.162893'
}
2021-08-12 20:51 -07:00: {
  InGameDate: ' 10111, 15:54:06',
  Msg: ' cloud froze baby cloud m yuty -\nlvl 203 (yutvrannus)\n\n',
  Cat: 'froze',
  DiscordRead: 0,
  TimeStamp: '2021-08-12T20:51:27.162893'
}
2021-08-12 20:51 -07:00: {
  InGameDate: ' 10111, 15:45:03',
  Msg: " cloud claimed ‘baby yutyrannus -\nlvl 203 {yutvrannus}'!\n\n",
  Cat: 'froze',
  DiscordRead: 0,
  TimeStamp: '2021-08-12T20:51:27.162893'
}
2021-08-12 20:51 -07:00: {
  InGameDate: ' 10111, 15:16:39',
  Msg: " azskicker froze juvenile white's\n" +
    'female breeder - lvl 216 (giaganotosaurus)\n' +
    '\n',
  Cat: 'froze',
  DiscordRead: 0,
  TimeStamp: '2021-08-12T20:51:27.162893'
}
2021-08-12 20:51 -07:00: {
  InGameDate: ' 10111, 15:09:01',
  Msg: ' cloud froze baby cloud f turtle -\nlvl 216 (carbonemvs)\n\n',
  Cat: 'froze',
  DiscordRead: 0,
  TimeStamp: '2021-08-12T20:51:27.162893'
}
2021-08-12 20:51 -07:00: {
  InGameDate: ' 10111, 14:57:22',
  Msg: '\nlvl 216 {carbonemvs!\n',
  Cat: 'froze',
  DiscordRead: 0,
  TimeStamp: '2021-08-12T20:51:27.162893'
}
2021-08-12 20:51 -07:00: {
  InGameDate: ' 10111, 10:35:54',
  Msg: ' azskicker froze baby gacha - lvl\n80 (gacha)\n\n',
  Cat: 'froze',
  DiscordRead: 0,
  TimeStamp: '2021-08-12T20:51:27.162893'
}
2021-08-12 20:51 -07:00: {
  InGameDate: ' 10111, 10:28:33',
  Msg: ' azskicker claimed ‘baby gacha -\nlvl 80 {gacha\\!\n\n',
  Cat: 'froze',
  DiscordRead: 0,
  TimeStamp: '2021-08-12T20:51:27.162893'
}
2021-08-12 20:51 -07:00: {
  InGameDate: ' 10111, 04:02:10',
  Msg: ' azskicker froze baby bloodstalker\n- lvl 71 (bloodstaiker)\n\n',
  Cat: 'froze',
  DiscordRead: 0,
  TimeStamp: '2021-08-12T20:51:27.162893'
}
2021-08-12 20:51 -07:00: {
  InGameDate: ' 10111, 03:53:47',
  Msg: " azskicker claimed ‘baby\nbloodstalker - lvl 71 (bloodstalker)'!\n\n",
  Cat: 'froze',
  DiscordRead: 0,
  TimeStamp: '2021-08-12T20:51:27.162893'
}
2021-08-12 20:51 -07:00: {
  InGameDate: ' 10111, 03:40:24',
  Msg: ' fatyoshi froze flying yoshi 2.0 -\nlvl 282 (araentavis)\n\n',
  Cat: 'froze',
  DiscordRead: 0,
  TimeStamp: '2021-08-12T20:51:27.162893'
}
2021-08-12 20:51 -07:00: {
  InGameDate: ' 10111, 03:40:24',
  Msg: ' azskicker froze baby bloodstalker\n- lvl 167 (bloodstalker)\n\n',
  Cat: 'froze',
  DiscordRead: 0,
  TimeStamp: '2021-08-12T20:51:27.162893'
}
2021-08-12 20:51 -07:00: {
  InGameDate: ' 10111, 03:36:44',
  Msg: ' azskicker claimed ‘baby\nbloodstalker - lvl 167 (bloodstalker}!\n\n',
  Cat: 'froze',
  DiscordRead: 0,
  TimeStamp: '2021-08-12T20:51:27.162893'
}
2021-08-12 20:51 -07:00: {
  InGameDate: ' 10111, 03:20:41',
  Msg: ' azskicker froze female breeder -\nlvl 271 (yutvrannus)\n\n',
  Cat: 'froze',
  DiscordRead: 0,
  TimeStamp: '2021-08-12T20:51:27.162893'
}
2021-08-12 20:51 -07:00: {
  InGameDate: ' 10111, 02:12:59',
  Msg: " your tribe killed fatyoshi - lvl\n112 {da bob's}!\n\n",
  Cat: 'illed',
  DiscordRead: 0,
  TimeStamp: '2021-08-12T20:51:27.162893'
}
2021-08-12 20:51 -07:00: {
  InGameDate: ' 10111, 02:12:59',
  Msg: " tribemember fatyoshi - lvl 112\nwas killed by 123 - lvl 101 {da bob's}!\n\n",
  Cat: 'illed',
  DiscordRead: 0,
  TimeStamp: '2021-08-12T20:51:27.162893'
}
2021-08-12 20:51 -07:00: {
  InGameDate: ' 10111, 00:42:41',
  Msg: ' tribemember slave - lvl 100 was\nrilled!\n\n',
  Cat: 'illed',
  DiscordRead: 0,
  TimeStamp: '2021-08-12T20:51:27.162893'
}
2021-08-12 20:51 -07:00: {
  InGameDate: ' 10110, 22:50:26',
  Msg: ' fatyoshi froze flying yoshi 2.0 -\nlvl 282 (araentavis)\n\n',
  Cat: 'froze',
  DiscordRead: 0,
  TimeStamp: '2021-08-12T20:51:27.162893'
}
2021-08-12 20:51 -07:00: {
  InGameDate: ' 10110, 22:32:17',
  Msg: ' fatyoshi froze tennis ball - lvl\n263 (doedicurus)\n\n',
  Cat: 'froze',
  DiscordRead: 0,
  TimeStamp: '2021-08-12T20:51:27.162893'
}
2021-08-12 20:51 -07:00: {
  InGameDate: ' 10110, 22:21:58',
  Msg: ' fatyoshi froze cloud metal anky\n- lvl 268 (ankviosaurus)\n\n',
  Cat: 'froze',
  DiscordRead: 0,
  TimeStamp: '2021-08-12T20:51:27.162893'
}
2021-08-12 20:51 -07:00: {
  InGameDate: ' 10110, 21:51:15',
  Msg: ' bob froze juvenile mininotasaurus\n- lvl 224 (giaanotosaurus)\n\n',
  Cat: 'froze',
  DiscordRead: 0,
  TimeStamp: '2021-08-12T20:51:27.162893'
}
2021-08-12 20:51 -07:00: {
  InGameDate: ' 10110, 20:33:19',
  Msg: " crew froze crew's lighting - lvl\n254 (liahtninag wyvern)\n\n",
  Cat: 'froze',
  DiscordRead: 0,
  TimeStamp: '2021-08-12T20:51:27.162893'
}
2021-08-12 20:51 -07:00: {
  InGameDate: ' 10110, 20:26:12',
  Msg: ' fatyoshi froze cloud metal anky\n- lvl 268 (ankvlosaurus)\n\n',
  Cat: 'froze',
  DiscordRead: 0,
  TimeStamp: '2021-08-12T20:51:27.162893'
}
2021-08-12 20:51 -07:00: {
  InGameDate: ' 10110, 19:49:22',
  Msg: ' bob froze juvenile mininotasaurus\n- lvl 224 (giqanotosaurus)\n\n',
  Cat: 'froze',
  DiscordRead: 0,
  TimeStamp: '2021-08-12T20:51:27.162893'
}
2021-08-12 20:51 -07:00: {
  InGameDate: ' 10110, 18:15:18',
  Msg: ' vivi froze [jq] - lvl 266\n' +
    '(triceratops)\n' +
    'ine tvilathiawmenl-tee\n' +
    '\n' +
    ' \n' +
    '\n' +
    'loud claimed ‘baby carbonemys -\n' +
    '\n' +
    ' \n' +
    '\n' +
    ' \n' +
    '\n' +
    '   \n' +
    '\n' +
    'ti frave iral— lal 927.\n' +
    '\f',
  Cat: 'froze',
  DiscordRead: 0,
  TimeStamp: '2021-08-12T20:51:27.162893'
}
2021-08-12 20:52 -07:00: {
  InGameDate: ' 10111, 17:26:02',
  Msg: ' cloud froze adolescent cloud m\narav 46h41we - lvi 221 (araentavis)\n\n',
  Cat: 'froze',
  DiscordRead: 0,
  TimeStamp: '2021-08-12T20:52:38.594327'
}
2021-08-12 20:52 -07:00: {
  InGameDate: ' 10111, 15:54:06',
  Msg: ' cloud froze baby cloud m yuty -\nlvl 203 (yutvrannus)\n\n',
  Cat: 'froze',
  DiscordRead: 0,
  TimeStamp: '2021-08-12T20:52:38.594327'
}
2021-08-12 20:52 -07:00: {
  InGameDate: ' 10111, 15:45:03',
  Msg: " cloud claimed ‘baby yutyrannus -\nlvl 203 {yutvrannus}'!\n\n",
  Cat: 'froze',
  DiscordRead: 0,
  TimeStamp: '2021-08-12T20:52:38.594327'
}
2021-08-12 20:52 -07:00: {
  InGameDate: ' 10111, 15:16:39',
  Msg: " azskicker froze juvenile white's\n" +
    'female breeder - lvl 216 (giaganotosaurus)\n' +
    '\n',
  Cat: 'froze',
  DiscordRead: 0,
  TimeStamp: '2021-08-12T20:52:38.594327'
}
2021-08-12 20:52 -07:00: {
  InGameDate: ' 10111, 15:09:01',
  Msg: ' cloud froze baby cloud f turtle -\nlvl 216 (carbonemvs)\n\n',
  Cat: 'froze',
  DiscordRead: 0,
  TimeStamp: '2021-08-12T20:52:38.594327'
}
2021-08-12 20:52 -07:00: {
  InGameDate: ' 10111, 14:57:22',
  Msg: '\nlvl 216 {carbonemvs!\n',
  Cat: 'froze',
  DiscordRead: 0,
  TimeStamp: '2021-08-12T20:52:38.594327'
}
2021-08-12 20:52 -07:00: {
  InGameDate: ' 10111, 10:35:54',
  Msg: ' azskicker froze baby gacha - lvl\n80 (gacha)\n\n',
  Cat: 'froze',
  DiscordRead: 0,
  TimeStamp: '2021-08-12T20:52:38.594327'
}
2021-08-12 20:52 -07:00: {
  InGameDate: ' 10111, 10:28:33',
  Msg: ' azskicker claimed ‘baby gacha -\nlvl 80 {gacha\\!\n\n',
  Cat: 'froze',
  DiscordRead: 0,
  TimeStamp: '2021-08-12T20:52:38.594327'
}
2021-08-12 20:52 -07:00: {
  InGameDate: ' 10111, 04:02:10',
  Msg: ' azskicker froze baby bloodstalker\n- lvl 71 (bloodstaiker)\n\n',
  Cat: 'froze',
  DiscordRead: 0,
  TimeStamp: '2021-08-12T20:52:38.594327'
}
2021-08-12 20:52 -07:00: {
  InGameDate: ' 10111, 03:53:47',
  Msg: " azskicker claimed ‘baby\nbloodstalker - lvl 71 (bloodstalker)'!\n\n",
  Cat: 'froze',
  DiscordRead: 0,
  TimeStamp: '2021-08-12T20:52:38.594327'
}
2021-08-12 20:52 -07:00: {
  InGameDate: ' 10111, 03:40:24',
  Msg: ' fatyoshi froze flying yoshi 2.0 -\nlvl 282 (araentavis)\n\n',
  Cat: 'froze',
  DiscordRead: 0,
  TimeStamp: '2021-08-12T20:52:38.594327'
}
2021-08-12 20:52 -07:00: {
  InGameDate: ' 10111, 03:40:24',
  Msg: ' azskicker froze baby bloodstalker\n- lvl 167 (bloodstalker)\n\n',
  Cat: 'froze',
  DiscordRead: 0,
  TimeStamp: '2021-08-12T20:52:38.594327'
}
2021-08-12 20:52 -07:00: {
  InGameDate: ' 10111, 03:36:44',
  Msg: ' azskicker claimed ‘baby\nbloodstalker - lvl 167 (bloodstalker}!\n\n',
  Cat: 'froze',
  DiscordRead: 0,
  TimeStamp: '2021-08-12T20:52:38.594327'
}
2021-08-12 20:52 -07:00: {
  InGameDate: ' 10111, 03:20:41',
  Msg: ' azskicker froze female breeder -\nlvl 271 (yutvrannus)\n\n',
  Cat: 'froze',
  DiscordRead: 0,
  TimeStamp: '2021-08-12T20:52:38.594327'
}
2021-08-12 20:52 -07:00: {
  InGameDate: ' 10111, 02:12:59',
  Msg: " your tribe killed fatyoshi - lvl\n112 {da bob's}!\n\n",
  Cat: 'illed',
  DiscordRead: 0,
  TimeStamp: '2021-08-12T20:52:38.594327'
}
2021-08-12 20:52 -07:00: {
  InGameDate: ' 10111, 02:12:59',
  Msg: " tribemember fatyoshi - lvl 112\nwas killed by 123 - lvl 101 {da bob's}!\n\n",
  Cat: 'illed',
  DiscordRead: 0,
  TimeStamp: '2021-08-12T20:52:38.594327'
}
2021-08-12 20:52 -07:00: {
  InGameDate: ' 10111, 00:42:41',
  Msg: ' tribemember slave - lvl 100 was\nrilled!\n\n',
  Cat: 'illed',
  DiscordRead: 0,
  TimeStamp: '2021-08-12T20:52:38.594327'
}
2021-08-12 20:52 -07:00: {
  InGameDate: ' 10110, 22:50:26',
  Msg: ' fatyoshi froze flying yoshi 2.0 -\nlvl 282 (araentavis)\n\n',
  Cat: 'froze',
  DiscordRead: 0,
  TimeStamp: '2021-08-12T20:52:38.594327'
}
2021-08-12 20:52 -07:00: {
  InGameDate: ' 10110, 22:32:17',
  Msg: ' fatyoshi froze tennis ball - lvl\n263 (doedicurus)\n\n',
  Cat: 'froze',
  DiscordRead: 0,
  TimeStamp: '2021-08-12T20:52:38.594327'
}
2021-08-12 20:52 -07:00: {
  InGameDate: ' 10110, 22:21:58',
  Msg: ' fatyoshi froze cloud metal anky\n- lvl 268 (ankviosaurus)\n\n',
  Cat: 'froze',
  DiscordRead: 0,
  TimeStamp: '2021-08-12T20:52:38.594327'
}
2021-08-12 20:52 -07:00: {
  InGameDate: ' 10110, 21:51:15',
  Msg: ' bob froze juvenile mininotasaurus\n- lvl 224 (giaanotosaurus)\n\n',
  Cat: 'froze',
  DiscordRead: 0,
  TimeStamp: '2021-08-12T20:52:38.594327'
}
2021-08-12 20:52 -07:00: {
  InGameDate: ' 10110, 20:33:19',
  Msg: " crew froze crew's lighting - lvl\n254 (liahtninag wyvern)\n\n",
  Cat: 'froze',
  DiscordRead: 0,
  TimeStamp: '2021-08-12T20:52:38.594327'
}
2021-08-12 20:52 -07:00: {
  InGameDate: ' 10110, 20:26:12',
  Msg: ' fatyoshi froze cloud metal anky\n- lvl 268 (ankvlosaurus)\n\n',
  Cat: 'froze',
  DiscordRead: 0,
  TimeStamp: '2021-08-12T20:52:38.594327'
}
2021-08-12 20:52 -07:00: {
  InGameDate: ' 10110, 19:49:22',
  Msg: ' bob froze juvenile mininotasaurus\n- lvl 224 (giqanotosaurus)\n\n',
  Cat: 'froze',
  DiscordRead: 0,
  TimeStamp: '2021-08-12T20:52:38.594327'
}
2021-08-12 20:52 -07:00: {
  InGameDate: ' 10110, 18:15:18',
  Msg: ' vivi froze [jq] - lvl 266\n' +
    '(triceratops)\n' +
    'ine tvilathiawmenl-tee\n' +
    '\n' +
    ' \n' +
    '\n' +
    'loud claimed ‘baby carbonemys -\n' +
    '\n' +
    ' \n' +
    '\n' +
    ' \n' +
    '\n' +
    '   \n' +
    '\n' +
    'ti frave iral— lal 927.\n' +
    '\f',
  Cat: 'froze',
  DiscordRead: 0,
  TimeStamp: '2021-08-12T20:52:38.594327'
}
2021-08-12 20:54 -07:00: {
  InGameDate: ' 10111, 17:26:02',
  Msg: ' cloud froze adolescent cloud m\narav 46h41we - lvi 221 (araentavis)\n\n',
  Cat: 'froze',
  DiscordRead: 0,
  TimeStamp: '2021-08-12T20:54:17.311997'
}
2021-08-12 20:54 -07:00: {
  InGameDate: ' 10111, 15:54:06',
  Msg: ' cloud froze baby cloud m yuty -\nlvl 203 (yutvrannus)\n\n',
  Cat: 'froze',
  DiscordRead: 0,
  TimeStamp: '2021-08-12T20:54:17.311997'
}
2021-08-12 20:54 -07:00: {
  InGameDate: ' 10111, 15:45:03',
  Msg: " cloud claimed ‘baby yutyrannus -\nlvl 203 {yutvrannus}'!\n\n",
  Cat: 'froze',
  DiscordRead: 0,
  TimeStamp: '2021-08-12T20:54:17.311997'
}
2021-08-12 20:54 -07:00: {
  InGameDate: ' 10111, 15:16:39',
  Msg: " azskicker froze juvenile white's\n" +
    'female breeder - lvl 216 (giaganotosaurus)\n' +
    '\n',
  Cat: 'froze',
  DiscordRead: 0,
  TimeStamp: '2021-08-12T20:54:17.311997'
}
2021-08-12 20:54 -07:00: {
  InGameDate: ' 10111, 15:09:01',
  Msg: ' cloud froze baby cloud f turtle -\nlvl 216 (carbonemvs)\n\n',
  Cat: 'froze',
  DiscordRead: 0,
  TimeStamp: '2021-08-12T20:54:17.311997'
}
2021-08-12 20:54 -07:00: {
  InGameDate: ' 10111, 14:57:22',
  Msg: '\nlvl 216 {carbonemvs!\n',
  Cat: 'froze',
  DiscordRead: 0,
  TimeStamp: '2021-08-12T20:54:17.311997'
}
2021-08-12 20:54 -07:00: {
  InGameDate: ' 10111, 10:35:54',
  Msg: ' azskicker froze baby gacha - lvl\n80 (gacha)\n\n',
  Cat: 'froze',
  DiscordRead: 0,
  TimeStamp: '2021-08-12T20:54:17.311997'
}
2021-08-12 20:54 -07:00: {
  InGameDate: ' 10111, 10:28:33',
  Msg: ' azskicker claimed ‘baby gacha -\nlvl 80 {gacha\\!\n\n',
  Cat: 'froze',
  DiscordRead: 0,
  TimeStamp: '2021-08-12T20:54:17.311997'
}
2021-08-12 20:54 -07:00: {
  InGameDate: ' 10111, 04:02:10',
  Msg: ' azskicker froze baby bloodstalker\n- lvl 71 (bloodstaiker)\n\n',
  Cat: 'froze',
  DiscordRead: 0,
  TimeStamp: '2021-08-12T20:54:17.311997'
}
2021-08-12 20:54 -07:00: {
  InGameDate: ' 10111, 03:53:47',
  Msg: " azskicker claimed ‘baby\nbloodstalker - lvl 71 (bloodstalker)'!\n\n",
  Cat: 'froze',
  DiscordRead: 0,
  TimeStamp: '2021-08-12T20:54:17.311997'
}
2021-08-12 20:54 -07:00: {
  InGameDate: ' 10111, 03:40:24',
  Msg: ' fatyoshi froze flying yoshi 2.0 -\nlvl 282 (araentavis)\n\n',
  Cat: 'froze',
  DiscordRead: 0,
  TimeStamp: '2021-08-12T20:54:17.311997'
}
2021-08-12 20:54 -07:00: {
  InGameDate: ' 10111, 03:40:24',
  Msg: ' azskicker froze baby bloodstalker\n- lvl 167 (bloodstalker)\n\n',
  Cat: 'froze',
  DiscordRead: 0,
  TimeStamp: '2021-08-12T20:54:17.311997'
}
2021-08-12 20:54 -07:00: {
  InGameDate: ' 10111, 03:36:44',
  Msg: ' azskicker claimed ‘baby\nbloodstalker - lvl 167 (bloodstalker}!\n\n',
  Cat: 'froze',
  DiscordRead: 0,
  TimeStamp: '2021-08-12T20:54:17.311997'
}
2021-08-12 20:54 -07:00: {
  InGameDate: ' 10111, 03:20:41',
  Msg: ' azskicker froze female breeder -\nlvl 271 (yutvrannus)\n\n',
  Cat: 'froze',
  DiscordRead: 0,
  TimeStamp: '2021-08-12T20:54:17.311997'
}
2021-08-12 20:54 -07:00: {
  InGameDate: ' 10111, 02:12:59',
  Msg: " your tribe killed fatyoshi - lvl\n112 {da bob's}!\n\n",
  Cat: 'illed',
  DiscordRead: 0,
  TimeStamp: '2021-08-12T20:54:17.311997'
}
2021-08-12 20:54 -07:00: {
  InGameDate: ' 10111, 02:12:59',
  Msg: " tribemember fatyoshi - lvl 112\nwas killed by 123 - lvl 101 {da bob's}!\n\n",
  Cat: 'illed',
  DiscordRead: 0,
  TimeStamp: '2021-08-12T20:54:17.311997'
}
2021-08-12 20:54 -07:00: {
  InGameDate: ' 10111, 00:42:41',
  Msg: ' tribemember slave - lvl 100 was\nrilled!\n\n',
  Cat: 'illed',
  DiscordRead: 0,
  TimeStamp: '2021-08-12T20:54:17.311997'
}
2021-08-12 20:54 -07:00: {
  InGameDate: ' 10110, 22:50:26',
  Msg: ' fatyoshi froze flying yoshi 2.0 -\nlvl 282 (araentavis)\n\n',
  Cat: 'froze',
  DiscordRead: 0,
  TimeStamp: '2021-08-12T20:54:17.311997'
}
2021-08-12 20:54 -07:00: {
  InGameDate: ' 10110, 22:32:17',
  Msg: ' fatyoshi froze tennis ball - lvl\n263 (doedicurus)\n\n',
  Cat: 'froze',
  DiscordRead: 0,
  TimeStamp: '2021-08-12T20:54:17.311997'
}
2021-08-12 20:54 -07:00: {
  InGameDate: ' 10110, 22:21:58',
  Msg: ' fatyoshi froze cloud metal anky\n- lvl 268 (ankviosaurus)\n\n',
  Cat: 'froze',
  DiscordRead: 0,
  TimeStamp: '2021-08-12T20:54:17.311997'
}
2021-08-12 20:54 -07:00: {
  InGameDate: ' 10110, 21:51:15',
  Msg: ' bob froze juvenile mininotasaurus\n- lvl 224 (giaanotosaurus)\n\n',
  Cat: 'froze',
  DiscordRead: 0,
  TimeStamp: '2021-08-12T20:54:17.311997'
}
2021-08-12 20:54 -07:00: {
  InGameDate: ' 10110, 20:33:19',
  Msg: " crew froze crew's lighting - lvl\n254 (liahtninag wyvern)\n\n",
  Cat: 'froze',
  DiscordRead: 0,
  TimeStamp: '2021-08-12T20:54:17.311997'
}
2021-08-12 20:54 -07:00: {
  InGameDate: ' 10110, 20:26:12',
  Msg: ' fatyoshi froze cloud metal anky\n- lvl 268 (ankvlosaurus)\n\n',
  Cat: 'froze',
  DiscordRead: 0,
  TimeStamp: '2021-08-12T20:54:17.311997'
}
2021-08-12 20:54 -07:00: {
  InGameDate: ' 10110, 19:49:22',
  Msg: ' bob froze juvenile mininotasaurus\n- lvl 224 (giqanotosaurus)\n\n',
  Cat: 'froze',
  DiscordRead: 0,
  TimeStamp: '2021-08-12T20:54:17.311997'
}
2021-08-12 20:54 -07:00: {
  InGameDate: ' 10110, 18:15:18',
  Msg: ' vivi froze [jq] - lvl 266\n' +
    '(triceratops)\n' +
    'ine tvilathiawmenl-tee\n' +
    '\n' +
    ' \n' +
    '\n' +
    'loud claimed ‘baby carbonemys -\n' +
    '\n' +
    ' \n' +
    '\n' +
    ' \n' +
    '\n' +
    '   \n' +
    '\n' +
    'ti frave iral— lal 927.\n' +
    '\f',
  Cat: 'froze',
  DiscordRead: 0,
  TimeStamp: '2021-08-12T20:54:17.311997'
}
2021-08-12 20:57 -07:00: {
  InGameDate: ' 10111, 17:26:02',
  Msg: ' cloud froze adolescent cloud m\narav 46h41we - lvi 221 (araentavis)\n\n',
  Cat: 'froze',
  DiscordRead: 0,
  TimeStamp: '2021-08-12T20:57:13.130976'
}
2021-08-12 20:57 -07:00: {
  InGameDate: ' 10111, 15:54:06',
  Msg: ' cloud froze baby cloud m yuty -\nlvl 203 (yutvrannus)\n\n',
  Cat: 'froze',
  DiscordRead: 0,
  TimeStamp: '2021-08-12T20:57:13.130976'
}
2021-08-12 20:57 -07:00: {
  InGameDate: ' 10111, 15:45:03',
  Msg: " cloud claimed ‘baby yutyrannus -\nlvl 203 {yutvrannus}'!\n\n",
  Cat: 'froze',
  DiscordRead: 0,
  TimeStamp: '2021-08-12T20:57:13.130976'
}
2021-08-12 20:57 -07:00: {
  InGameDate: ' 10111, 15:16:39',
  Msg: " azskicker froze juvenile white's\n" +
    'female breeder - lvl 216 (giaganotosaurus)\n' +
    '\n',
  Cat: 'froze',
  DiscordRead: 0,
  TimeStamp: '2021-08-12T20:57:13.130976'
}
2021-08-12 20:57 -07:00: {
  InGameDate: ' 10111, 15:09:01',
  Msg: ' cloud froze baby cloud f turtle -\nlvl 216 (carbonemvs)\n\n',
  Cat: 'froze',
  DiscordRead: 0,
  TimeStamp: '2021-08-12T20:57:13.130976'
}
2021-08-12 20:57 -07:00: {
  InGameDate: ' 10111, 14:57:22',
  Msg: '\nlvl 216 {carbonemvs!\n',
  Cat: 'froze',
  DiscordRead: 0,
  TimeStamp: '2021-08-12T20:57:13.130976'
}
2021-08-12 20:57 -07:00: {
  InGameDate: ' 10111, 10:35:54',
  Msg: ' azskicker froze baby gacha - lvl\n80 (gacha)\n\n',
  Cat: 'froze',
  DiscordRead: 0,
  TimeStamp: '2021-08-12T20:57:13.130976'
}
2021-08-12 20:57 -07:00: {
  InGameDate: ' 10111, 10:28:33',
  Msg: ' azskicker claimed ‘baby gacha -\nlvl 80 {gacha\\!\n\n',
  Cat: 'froze',
  DiscordRead: 0,
  TimeStamp: '2021-08-12T20:57:13.130976'
}
2021-08-12 20:57 -07:00: {
  InGameDate: ' 10111, 04:02:10',
  Msg: ' azskicker froze baby bloodstalker\n- lvl 71 (bloodstaiker)\n\n',
  Cat: 'froze',
  DiscordRead: 0,
  TimeStamp: '2021-08-12T20:57:13.130976'
}
2021-08-12 20:57 -07:00: {
  InGameDate: ' 10111, 03:53:47',
  Msg: " azskicker claimed ‘baby\nbloodstalker - lvl 71 (bloodstalker)'!\n\n",
  Cat: 'froze',
  DiscordRead: 0,
  TimeStamp: '2021-08-12T20:57:13.130976'
}
2021-08-12 20:57 -07:00: {
  InGameDate: ' 10111, 03:40:24',
  Msg: ' fatyoshi froze flying yoshi 2.0 -\nlvl 282 (araentavis)\n\n',
  Cat: 'froze',
  DiscordRead: 0,
  TimeStamp: '2021-08-12T20:57:13.130976'
}
2021-08-12 20:57 -07:00: {
  InGameDate: ' 10111, 03:40:24',
  Msg: ' azskicker froze baby bloodstalker\n- lvl 167 (bloodstalker)\n\n',
  Cat: 'froze',
  DiscordRead: 0,
  TimeStamp: '2021-08-12T20:57:13.130976'
}
2021-08-12 20:57 -07:00: {
  InGameDate: ' 10111, 03:36:44',
  Msg: ' azskicker claimed ‘baby\nbloodstalker - lvl 167 (bloodstalker}!\n\n',
  Cat: 'froze',
  DiscordRead: 0,
  TimeStamp: '2021-08-12T20:57:13.130976'
}
2021-08-12 20:57 -07:00: {
  InGameDate: ' 10111, 03:20:41',
  Msg: ' azskicker froze female breeder -\nlvl 271 (yutvrannus)\n\n',
  Cat: 'froze',
  DiscordRead: 0,
  TimeStamp: '2021-08-12T20:57:13.130976'
}
2021-08-12 20:57 -07:00: {
  InGameDate: ' 10111, 02:12:59',
  Msg: " your tribe killed fatyoshi - lvl\n112 {da bob's}!\n\n",
  Cat: 'illed',
  DiscordRead: 0,
  TimeStamp: '2021-08-12T20:57:13.130976'
}
2021-08-12 20:57 -07:00: {
  InGameDate: ' 10111, 02:12:59',
  Msg: " tribemember fatyoshi - lvl 112\nwas killed by 123 - lvl 101 {da bob's}!\n\n",
  Cat: 'illed',
  DiscordRead: 0,
  TimeStamp: '2021-08-12T20:57:13.130976'
}
2021-08-12 20:57 -07:00: {
  InGameDate: ' 10111, 00:42:41',
  Msg: ' tribemember slave - lvl 100 was\nrilled!\n\n',
  Cat: 'illed',
  DiscordRead: 0,
  TimeStamp: '2021-08-12T20:57:13.130976'
}
2021-08-12 20:57 -07:00: {
  InGameDate: ' 10110, 22:50:26',
  Msg: ' fatyoshi froze flying yoshi 2.0 -\nlvl 282 (araentavis)\n\n',
  Cat: 'froze',
  DiscordRead: 0,
  TimeStamp: '2021-08-12T20:57:13.130976'
}
2021-08-12 20:57 -07:00: {
  InGameDate: ' 10110, 22:32:17',
  Msg: ' fatyoshi froze tennis ball - lvl\n263 (doedicurus)\n\n',
  Cat: 'froze',
  DiscordRead: 0,
  TimeStamp: '2021-08-12T20:57:13.130976'
}
2021-08-12 20:57 -07:00: {
  InGameDate: ' 10110, 22:21:58',
  Msg: ' fatyoshi froze cloud metal anky\n- lvl 268 (ankviosaurus)\n\n',
  Cat: 'froze',
  DiscordRead: 0,
  TimeStamp: '2021-08-12T20:57:13.130976'
}
2021-08-12 20:57 -07:00: {
  InGameDate: ' 10110, 21:51:15',
  Msg: ' bob froze juvenile mininotasaurus\n- lvl 224 (giaanotosaurus)\n\n',
  Cat: 'froze',
  DiscordRead: 0,
  TimeStamp: '2021-08-12T20:57:13.130976'
}
2021-08-12 20:57 -07:00: {
  InGameDate: ' 10110, 20:33:19',
  Msg: " crew froze crew's lighting - lvl\n254 (liahtninag wyvern)\n\n",
  Cat: 'froze',
  DiscordRead: 0,
  TimeStamp: '2021-08-12T20:57:13.130976'
}
2021-08-12 20:57 -07:00: {
  InGameDate: ' 10110, 20:26:12',
  Msg: ' fatyoshi froze cloud metal anky\n- lvl 268 (ankvlosaurus)\n\n',
  Cat: 'froze',
  DiscordRead: 0,
  TimeStamp: '2021-08-12T20:57:13.130976'
}
2021-08-12 20:57 -07:00: {
  InGameDate: ' 10110, 19:49:22',
  Msg: ' bob froze juvenile mininotasaurus\n- lvl 224 (giqanotosaurus)\n\n',
  Cat: 'froze',
  DiscordRead: 0,
  TimeStamp: '2021-08-12T20:57:13.130976'
}
2021-08-12 20:57 -07:00: {
  InGameDate: ' 10110, 18:15:18',
  Msg: ' vivi froze [jq] - lvl 266\n' +
    '(triceratops)\n' +
    'ine tvilathiawmenl-tee\n' +
    '\n' +
    ' \n' +
    '\n' +
    'loud claimed ‘baby carbonemys -\n' +
    '\n' +
    ' \n' +
    '\n' +
    ' \n' +
    '\n' +
    '   \n' +
    '\n' +
    'ti frave iral— lal 927.\n' +
    '\f',
  Cat: 'froze',
  DiscordRead: 0,
  TimeStamp: '2021-08-12T20:57:13.130976'
}
